#
# There is insufficient memory for the Java Runtime Environment to continue.
# Native memory allocation (mmap) failed to map 260046848 bytes for G1 virtual space
# Possible reasons:
#   The system is out of physical RAM or swap space
#   The process is running with CompressedOops enabled, and the Java Heap may be blocking the growth of the native heap
# Possible solutions:
#   Reduce memory load on the system
#   Increase physical memory or swap space
#   Check if swap backing store is full
#   Decrease Java heap size (-Xmx/-Xms)
#   Decrease number of Java threads
#   Decrease Java thread stack sizes (-Xss)
#   Set larger code cache with -XX:ReservedCodeCacheSize=
#   JVM is running with Zero Based Compressed Oops mode in which the Java heap is
#     placed in the first 32GB address space. The Java Heap base address is the
#     maximum limit for the native heap growth. Please use -XX:HeapBaseMinAddress
#     to set the Java Heap base and to place the Java Heap above 32GB virtual address.
# This output file may be truncated or incomplete.
#
#  Out of Memory Error (os_windows.cpp:3548), pid=19624, tid=30968
#
# JRE version:  (17.0.12+8) (build )
# Java VM: Java HotSpot(TM) 64-Bit Server VM (17.0.12+8-LTS-286, mixed mode, emulated-client, sharing, tiered, compressed oops, compressed class ptrs, g1 gc, windows-amd64)
# No core dump will be written. Minidumps are not enabled by default on client versions of Windows
#

---------------  S U M M A R Y ------------

Command Line: -XX:TieredStopAtLevel=1 -Dspring.output.ansi.enabled=always -Dcom.sun.management.jmxremote -Dspring.jmx.enabled=true -Dspring.liveBeansView.mbeanDomain -Dspring.application.admin.enabled=true -Dmanagement.endpoints.jmx.exposure.include=* -javaagent:C:\Program Files\JetBrains\IntelliJ IDEA 2025.3.4\lib\idea_rt.jar=57351 -Dfile.encoding=UTF-8 com.digiCart.address_service.AddressServiceApplication

Host: 11th Gen Intel(R) Core(TM) i5-1145G7 @ 2.60GHz, 8 cores, 15G,  Windows 11 , 64 bit Build 26100 (10.0.26100.7920)
Time: Sun Apr 12 23:51:51 2026 India Standard Time elapsed time: 0.016355 seconds (0d 0h 0m 0s)

---------------  T H R E A D  ---------------

Current thread (0x000001de0ca0ebe0):  JavaThread "Unknown thread" [_thread_in_vm, id=30968, stack(0x0000001eae500000,0x0000001eae600000)]

Stack: [0x0000001eae500000,0x0000001eae600000]
Native frames: (J=compiled Java code, j=interpreted, Vv=VM code, C=native code)
V  [jvm.dll+0x67a04a]
V  [jvm.dll+0x7da4ed]
V  [jvm.dll+0x7dbe33]
V  [jvm.dll+0x7dc4a3]
V  [jvm.dll+0x24508f]
V  [jvm.dll+0x677089]
V  [jvm.dll+0x66bd32]
V  [jvm.dll+0x301fa6]
V  [jvm.dll+0x309546]
V  [jvm.dll+0x359d2e]
V  [jvm.dll+0x359f5f]
V  [jvm.dll+0x2d9078]
V  [jvm.dll+0x2d9fe4]
V  [jvm.dll+0x7aca21]
V  [jvm.dll+0x367591]
V  [jvm.dll+0x78b999]
V  [jvm.dll+0x3ec83f]
V  [jvm.dll+0x3ee471]
C  [jli.dll+0x5297]
C  [ucrtbase.dll+0x37b0]
C  [KERNEL32.DLL+0x2e8d7]
C  [ntdll.dll+0x8c48c]


---------------  P R O C E S S  ---------------

Threads class SMR info:
_java_thread_list=0x00007ff99d3d7a18, length=0, elements={
}

Java Threads: ( => current thread )

Other Threads:
  0x000001de0ca792e0 GCTaskThread "GC Thread#0" [stack: 0x0000001eae600000,0x0000001eae700000] [id=25000]
  0x000001de0ca8a9f0 ConcurrentGCThread "G1 Main Marker" [stack: 0x0000001eae700000,0x0000001eae800000] [id=29020]
  0x000001de0ca8cf80 ConcurrentGCThread "G1 Conc#0" [stack: 0x0000001eae800000,0x0000001eae900000] [id=20580]

[error occurred during error reporting (printing all threads), id 0xc0000005, EXCEPTION_ACCESS_VIOLATION (0xc0000005) at pc=0x00007ff99cc09b67]

VM state: not at safepoint (not fully initialized)

VM Mutex/Monitor currently owned by a thread:  ([mutex/lock_event])
[0x000001de0ca0ae00] Heap_lock - owner thread: 0x000001de0ca0ebe0

Heap address: 0x0000000709a00000, size: 3942 MB, Compressed Oops mode: Zero based, Oop shift amount: 3

CDS archive(s) mapped at: [0x0000000000000000-0x0000000000000000-0x0000000000000000), size 0, SharedBaseAddress: 0x0000000800000000, ArchiveRelocationMode: 1.
Narrow klass base: 0x0000000000000000, Narrow klass shift: 0, Narrow klass range: 0x0

GC Precious Log:
<Empty>

Heap:
 garbage-first heap   total 0K, used 0K [0x0000000709a00000, 0x0000000800000000)
  region size 2048K, 0 young (0K), 0 survivors (0K)

[error occurred during error reporting (printing heap information), id 0xc0000005, EXCEPTION_ACCESS_VIOLATION (0xc0000005) at pc=0x00007ff99cff3859]

GC Heap History (0 events):
No events

Deoptimization events (0 events):
No events

Classes unloaded (0 events):
No events

Classes redefined (0 events):
No events

Internal exceptions (0 events):
No events

VM Operations (0 events):
No events

Events (1 events):
Event: 0.011 Loaded shared library C:\Program Files\Java\jdk-17\bin\java.dll


Dynamic libraries:
0x00007ff6026d0000 - 0x00007ff6026e0000 	C:\Program Files\Java\jdk-17\bin\java.exe
0x00007ffa56140000 - 0x00007ffa563a7000 	C:\WINDOWS\SYSTEM32\ntdll.dll
0x00007ffa55270000 - 0x00007ffa55339000 	C:\WINDOWS\System32\KERNEL32.DLL
0x00007ffa53890000 - 0x00007ffa53c81000 	C:\WINDOWS\System32\KERNELBASE.dll
0x00007ffa52a20000 - 0x00007ffa52b6b000 	C:\WINDOWS\System32\ucrtbase.dll
0x00007ffa3edd0000 - 0x00007ffa3edeb000 	C:\Program Files\Java\jdk-17\bin\VCRUNTIME140.dll
0x00007ffa40900000 - 0x00007ffa40919000 	C:\Program Files\Java\jdk-17\bin\jli.dll
0x00007ffa54fd0000 - 0x00007ffa5508b000 	C:\WINDOWS\System32\ADVAPI32.dll
0x00007ffa55d10000 - 0x00007ffa55db9000 	C:\WINDOWS\System32\msvcrt.dll
0x00007ffa541e0000 - 0x00007ffa54287000 	C:\WINDOWS\System32\sechost.dll
0x00007ffa54060000 - 0x00007ffa54178000 	C:\WINDOWS\System32\RPCRT4.dll
0x00007ffa547e0000 - 0x00007ffa549a5000 	C:\WINDOWS\System32\USER32.dll
0x00007ffa37900000 - 0x00007ffa37b93000 	C:\WINDOWS\WinSxS\amd64_microsoft.windows.common-controls_6595b64144ccf1df_6.0.26100.8037_none_3e092faae333b53b\COMCTL32.dll
0x00007ffa53eb0000 - 0x00007ffa53ed7000 	C:\WINDOWS\System32\win32u.dll
0x00007ffa55fb0000 - 0x00007ffa55fdb000 	C:\WINDOWS\System32\GDI32.dll
0x00007ffa53760000 - 0x00007ffa5388b000 	C:\WINDOWS\System32\gdi32full.dll
0x00007ffa53e00000 - 0x00007ffa53ea3000 	C:\WINDOWS\System32\msvcp_win.dll
0x00007ffa49fb0000 - 0x00007ffa49fbb000 	C:\WINDOWS\SYSTEM32\VERSION.dll
0x00007ffa55090000 - 0x00007ffa550c1000 	C:\WINDOWS\System32\IMM32.DLL
0x00007ffa4b0d0000 - 0x00007ffa4b0dc000 	C:\Program Files\Java\jdk-17\bin\vcruntime140_1.dll
0x00007ffa16230000 - 0x00007ffa162be000 	C:\Program Files\Java\jdk-17\bin\msvcp140.dll
0x00007ff99c920000 - 0x00007ff99d500000 	C:\Program Files\Java\jdk-17\bin\server\jvm.dll
0x00007ffa56070000 - 0x00007ffa56078000 	C:\WINDOWS\System32\PSAPI.DLL
0x00007ffa21400000 - 0x00007ffa2140a000 	C:\WINDOWS\SYSTEM32\WSOCK32.dll
0x00007ffa46b10000 - 0x00007ffa46b45000 	C:\WINDOWS\SYSTEM32\WINMM.dll
0x00007ffa55340000 - 0x00007ffa553b4000 	C:\WINDOWS\System32\WS2_32.dll
0x00007ffa51770000 - 0x00007ffa5178b000 	C:\WINDOWS\SYSTEM32\kernel.appcore.dll
0x00007ffa48d00000 - 0x00007ffa48d0a000 	C:\Program Files\Java\jdk-17\bin\jimage.dll
0x00007ffa50900000 - 0x00007ffa50b42000 	C:\WINDOWS\SYSTEM32\DBGHELP.DLL
0x00007ffa54450000 - 0x00007ffa547d2000 	C:\WINDOWS\System32\combase.dll
0x00007ffa54e80000 - 0x00007ffa54f57000 	C:\WINDOWS\System32\OLEAUT32.dll
0x00007ffa23710000 - 0x00007ffa2374b000 	C:\WINDOWS\SYSTEM32\dbgcore.DLL
0x00007ffa53d50000 - 0x00007ffa53df5000 	C:\WINDOWS\System32\bcryptPrimitives.dll
0x00007ffa38fa0000 - 0x00007ffa38fae000 	C:\Program Files\Java\jdk-17\bin\instrument.dll
0x00007ffa243f0000 - 0x00007ffa24415000 	C:\Program Files\Java\jdk-17\bin\java.dll

dbghelp: loaded successfully - version: 4.0.5 - missing functions: none
symbol engine: initialized successfully - sym options: 0x614 - pdb path: .;C:\Program Files\Java\jdk-17\bin;C:\WINDOWS\SYSTEM32;C:\WINDOWS\WinSxS\amd64_microsoft.windows.common-controls_6595b64144ccf1df_6.0.26100.8037_none_3e092faae333b53b;C:\Program Files\Java\jdk-17\bin\server

VM Arguments:
jvm_args: -XX:TieredStopAtLevel=1 -Dspring.output.ansi.enabled=always -Dcom.sun.management.jmxremote -Dspring.jmx.enabled=true -Dspring.liveBeansView.mbeanDomain -Dspring.application.admin.enabled=true -Dmanagement.endpoints.jmx.exposure.include=* -javaagent:C:\Program Files\JetBrains\IntelliJ IDEA 2025.3.4\lib\idea_rt.jar=57351 -Dfile.encoding=UTF-8 
java_command: com.digiCart.address_service.AddressServiceApplication
java_class_path (initial): C:\Users\sudhe\OneDrive\Documents\advancedProject\address-service\target\classes;C:\Users\sudhe\.m2\repository\org\springframework\boot\spring-boot-starter-actuator\3.5.13\spring-boot-starter-actuator-3.5.13.jar;C:\Users\sudhe\.m2\repository\org\springframework\boot\spring-boot-starter\3.5.13\spring-boot-starter-3.5.13.jar;C:\Users\sudhe\.m2\repository\org\springframework\boot\spring-boot\3.5.13\spring-boot-3.5.13.jar;C:\Users\sudhe\.m2\repository\org\springframework\boot\spring-boot-autoconfigure\3.5.13\spring-boot-autoconfigure-3.5.13.jar;C:\Users\sudhe\.m2\repository\org\springframework\boot\spring-boot-starter-logging\3.5.13\spring-boot-starter-logging-3.5.13.jar;C:\Users\sudhe\.m2\repository\ch\qos\logback\logback-classic\1.5.32\logback-classic-1.5.32.jar;C:\Users\sudhe\.m2\repository\ch\qos\logback\logback-core\1.5.32\logback-core-1.5.32.jar;C:\Users\sudhe\.m2\repository\org\apache\logging\log4j\log4j-to-slf4j\2.24.3\log4j-to-slf4j-2.24.3.jar;C:\Users\sudhe\.m2\repository\org\apache\logging\log4j\log4j-api\2.24.3\log4j-api-2.24.3.jar;C:\Users\sudhe\.m2\repository\org\slf4j\jul-to-slf4j\2.0.17\jul-to-slf4j-2.0.17.jar;C:\Users\sudhe\.m2\repository\jakarta\annotation\jakarta.annotation-api\2.1.1\jakarta.annotation-api-2.1.1.jar;C:\Users\sudhe\.m2\repository\org\yaml\snakeyaml\2.4\snakeyaml-2.4.jar;C:\Users\sudhe\.m2\repository\org\springframework\boot\spring-boot-actuator-autoconfigure\3.5.13\spring-boot-actuator-autoconfigure-3.5.13.jar;C:\Users\sudhe\.m2\repository\org\springframework\boot\spring-boot-actuator\3.5.13\spring-boot-actuator-3.5.13.jar;C:\Users\sudhe\.m2\repository\com\fasterxml\jackson\core\jackson-databind\2.21.2\jackson-databind-2.21.2.jar;C:\Users\sudhe\.m2\repository\com\fasterxml\jackson\datatype\jackson-datatype-jsr310\2.21.2\jackson-datatype-jsr310-2.21.2.jar;C:\Users\sudhe\.m2\repository\io\micrometer\micrometer-observation\1.15.10\micrometer-observation-1.15.10.jar;C:\Users\sudhe\.m2\repository\io\micrometer\m
Launcher Type: SUN_STANDARD

[Global flags]
     intx CICompilerCount                          = 4                                         {product} {ergonomic}
     uint ConcGCThreads                            = 2                                         {product} {ergonomic}
     uint G1ConcRefinementThreads                  = 8                                         {product} {ergonomic}
   size_t G1HeapRegionSize                         = 2097152                                   {product} {ergonomic}
    uintx GCDrainStackTargetSize                   = 64                                        {product} {ergonomic}
   size_t InitialHeapSize                          = 260046848                                 {product} {ergonomic}
     bool ManagementServer                         = true                                      {product} {command line}
   size_t MarkStackSize                            = 4194304                                   {product} {ergonomic}
   size_t MaxHeapSize                              = 4133486592                                {product} {ergonomic}
   size_t MinHeapDeltaBytes                        = 2097152                                   {product} {ergonomic}
   size_t MinHeapSize                              = 8388608                                   {product} {ergonomic}
    uintx NonProfiledCodeHeapSize                  = 0                                      {pd product} {ergonomic}
     bool ProfileInterpreter                       = false                                  {pd product} {command line}
    uintx ProfiledCodeHeapSize                     = 0                                      {pd product} {ergonomic}
   size_t SoftMaxHeapSize                          = 4133486592                             {manageable} {ergonomic}
     intx TieredStopAtLevel                        = 1                                         {product} {command line}
     bool UseCompressedClassPointers               = true                           {product lp64_product} {ergonomic}
     bool UseCompressedOops                        = true                           {product lp64_product} {ergonomic}
     bool UseG1GC                                  = true                                      {product} {ergonomic}
     bool UseLargePagesIndividualAllocation        = false                                  {pd product} {ergonomic}

Logging:
Log output configuration:
 #0: stdout all=warning uptime,level,tags
 #1: stderr all=off uptime,level,tags

Environment Variables:
PATH=C:\Program Files\Common Files\Oracle\Java\javapath;C:\WINDOWS\system32;C:\WINDOWS;C:\WINDOWS\System32\Wbem;C:\WINDOWS\System32\WindowsPowerShell\v1.0\;C:\WINDOWS\System32\OpenSSH\;C:\Program Files\Docker\Docker\resources\bin;C:\Users\sudhe\AppData\Local\Microsoft\WindowsApps;C:\Users\sudhe\AppData\Local\GitHubDesktop\bin
USERNAME=sudhe
OS=Windows_NT
PROCESSOR_IDENTIFIER=Intel64 Family 6 Model 140 Stepping 1, GenuineIntel



---------------  S Y S T E M  ---------------

OS:
 Windows 11 , 64 bit Build 26100 (10.0.26100.7920)
OS uptime: 2 days 10:42 hours
Hyper-V role detected

CPU: total 8 (initial active 8) (4 cores per cpu, 2 threads per core) family 6 model 140 stepping 1 microcode 0xbe, cx8, cmov, fxsr, ht, mmx, 3dnowpref, sse, sse2, sse3, ssse3, sse4.1, sse4.2, popcnt, lzcnt, tsc, tscinvbit, avx, avx2, aes, erms, clmul, bmi1, bmi2, adx, avx512f, avx512dq, avx512cd, avx512bw, avx512vl, sha, fma, vzeroupper, avx512_vpopcntdq, avx512_vpclmulqdq, avx512_vaes, avx512_vnni, clflush, clflushopt, clwb, avx512_vbmi2, avx512_vbmi, hv

Memory: 4k page, system-wide physical 15761M (839M free)
TotalPageFile size 30409M (AvailPageFile size 187M)
current process WorkingSet (physical memory assigned to process): 12M, peak: 12M
current process commit charge ("private bytes"): 55M, peak: 303M

vm_info: Java HotSpot(TM) 64-Bit Server VM (17.0.12+8-LTS-286) for windows-amd64 JRE (17.0.12+8-LTS-286), built on Jun  5 2024 06:46:59 by "mach5one" with MS VC++ 17.6 (VS2022)

END.
