#
# There is insufficient memory for the Java Runtime Environment to continue.
# Native memory allocation (mmap) failed to map 260046848 bytes for G1 virtual space
# Possible reasons:
#   The system is out of physical RAM or swap space
#   The process is running with CompressedOops enabled, and the Java Heap may be blocking the growth of the native heap
# Possible solutions:
#   Reduce memory load on the system
#   Increase physical memory or swap space
#   Check if swap backing store is full
#   Decrease Java heap size (-Xmx/-Xms)
#   Decrease number of Java threads
#   Decrease Java thread stack sizes (-Xss)
#   Set larger code cache with -XX:ReservedCodeCacheSize=
#   JVM is running with Zero Based Compressed Oops mode in which the Java heap is
#     placed in the first 32GB address space. The Java Heap base address is the
#     maximum limit for the native heap growth. Please use -XX:HeapBaseMinAddress
#     to set the Java Heap base and to place the Java Heap above 32GB virtual address.
# This output file may be truncated or incomplete.
#
#  Out of Memory Error (os_windows.cpp:3548), pid=36088, tid=36108
#
# JRE version:  (17.0.12+8) (build )
# Java VM: Java HotSpot(TM) 64-Bit Server VM (17.0.12+8-LTS-286, mixed mode, sharing, tiered, compressed oops, compressed class ptrs, g1 gc, windows-amd64)
# No core dump will be written. Minidumps are not enabled by default on client versions of Windows
#

---------------  S U M M A R Y ------------

Command Line: C:\Users\sudhe\AppData\Local\Temp\surefire15406872057360474314\surefirebooter-20260408214026546_3.jar C:\Users\sudhe\AppData\Local\Temp\surefire15406872057360474314 2026-04-08T21-40-26_085-jvmRun1 surefire-20260408214026546_1tmp surefire_0-20260408214026546_2tmp

Host: 11th Gen Intel(R) Core(TM) i5-1145G7 @ 2.60GHz, 8 cores, 15G,  Windows 11 , 64 bit Build 26100 (10.0.26100.7920)
Time: Wed Apr  8 21:40:26 2026 India Standard Time elapsed time: 0.017048 seconds (0d 0h 0m 0s)

---------------  T H R E A D  ---------------

Current thread (0x0000026d4598ddc0):  JavaThread "Unknown thread" [_thread_in_vm, id=36108, stack(0x000000aa53800000,0x000000aa53900000)]

Stack: [0x000000aa53800000,0x000000aa53900000]
Native frames: (J=compiled Java code, j=interpreted, Vv=VM code, C=native code)
V  [jvm.dll+0x67a04a]
V  [jvm.dll+0x7da4ed]
V  [jvm.dll+0x7dbe33]
V  [jvm.dll+0x7dc4a3]
V  [jvm.dll+0x24508f]
V  [jvm.dll+0x677089]
V  [jvm.dll+0x66bd32]
V  [jvm.dll+0x301fa6]
V  [jvm.dll+0x309546]
V  [jvm.dll+0x359d2e]
V  [jvm.dll+0x359f5f]
V  [jvm.dll+0x2d9078]
V  [jvm.dll+0x2d9fe4]
V  [jvm.dll+0x7aca21]
V  [jvm.dll+0x367591]
V  [jvm.dll+0x78b999]
V  [jvm.dll+0x3ec83f]
V  [jvm.dll+0x3ee471]
C  [jli.dll+0x5297]
C  [ucrtbase.dll+0x37b0]
C  [KERNEL32.DLL+0x2e8d7]
C  [ntdll.dll+0x8c48c]


---------------  P R O C E S S  ---------------

Threads class SMR info:
_java_thread_list=0x00007ffc371b7a18, length=0, elements={
}

Java Threads: ( => current thread )

Other Threads:
  0x0000026d47bbb910 GCTaskThread "GC Thread#0" [stack: 0x000000aa53900000,0x000000aa53a00000] [id=36012]
  0x0000026d47bcc990 ConcurrentGCThread "G1 Main Marker" [stack: 0x000000aa53a00000,0x000000aa53b00000] [id=36016]
  0x0000026d47bce060 ConcurrentGCThread "G1 Conc#0" [stack: 0x000000aa53b00000,0x000000aa53c00000] [id=36004]

[error occurred during error reporting (printing all threads), id 0xc0000005, EXCEPTION_ACCESS_VIOLATION (0xc0000005) at pc=0x00007ffc369e9b67]

VM state: not at safepoint (not fully initialized)

VM Mutex/Monitor currently owned by a thread:  ([mutex/lock_event])
[0x0000026d4598ceb0] Heap_lock - owner thread: 0x0000026d4598ddc0

Heap address: 0x0000000709a00000, size: 3942 MB, Compressed Oops mode: Zero based, Oop shift amount: 3

CDS archive(s) mapped at: [0x0000000000000000-0x0000000000000000-0x0000000000000000), size 0, SharedBaseAddress: 0x0000000800000000, ArchiveRelocationMode: 1.
Narrow klass base: 0x0000000000000000, Narrow klass shift: 0, Narrow klass range: 0x0

GC Precious Log:
<Empty>

Heap:
 garbage-first heap   total 0K, used 0K [0x0000000709a00000, 0x0000000800000000)
  region size 2048K, 0 young (0K), 0 survivors (0K)

[error occurred during error reporting (printing heap information), id 0xc0000005, EXCEPTION_ACCESS_VIOLATION (0xc0000005) at pc=0x00007ffc36dd3859]

GC Heap History (0 events):
No events

Deoptimization events (0 events):
No events

Classes unloaded (0 events):
No events

Classes redefined (0 events):
No events

Internal exceptions (0 events):
No events

VM Operations (0 events):
No events

Events (1 events):
Event: 0.010 Loaded shared library C:\Program Files\Java\jdk-17\bin\java.dll


Dynamic libraries:
0x00007ff6faa60000 - 0x00007ff6faa70000 	C:\Program Files\Java\jdk-17\bin\java.exe
0x00007ffcf8400000 - 0x00007ffcf8667000 	C:\WINDOWS\SYSTEM32\ntdll.dll
0x00007ffcf6c00000 - 0x00007ffcf6cc9000 	C:\WINDOWS\System32\KERNEL32.DLL
0x00007ffcf59f0000 - 0x00007ffcf5de1000 	C:\WINDOWS\System32\KERNELBASE.dll
0x00007ffcf56c0000 - 0x00007ffcf580b000 	C:\WINDOWS\System32\ucrtbase.dll
0x00007ffcb4030000 - 0x00007ffcb4049000 	C:\Program Files\Java\jdk-17\bin\jli.dll
0x00007ffcb3530000 - 0x00007ffcb354b000 	C:\Program Files\Java\jdk-17\bin\VCRUNTIME140.dll
0x00007ffcf7e70000 - 0x00007ffcf7f2b000 	C:\WINDOWS\System32\ADVAPI32.dll
0x00007ffcf78d0000 - 0x00007ffcf7979000 	C:\WINDOWS\System32\msvcrt.dll
0x00007ffcf7b20000 - 0x00007ffcf7bc7000 	C:\WINDOWS\System32\sechost.dll
0x00007ffcf6510000 - 0x00007ffcf6628000 	C:\WINDOWS\System32\RPCRT4.dll
0x00007ffcf7c30000 - 0x00007ffcf7df5000 	C:\WINDOWS\System32\USER32.dll
0x00007ffcf6170000 - 0x00007ffcf6197000 	C:\WINDOWS\System32\win32u.dll
0x00007ffcf6f10000 - 0x00007ffcf6f3b000 	C:\WINDOWS\System32\GDI32.dll
0x00007ffcdd990000 - 0x00007ffcddc23000 	C:\WINDOWS\WinSxS\amd64_microsoft.windows.common-controls_6595b64144ccf1df_6.0.26100.8037_none_3e092faae333b53b\COMCTL32.dll
0x00007ffcf5810000 - 0x00007ffcf593b000 	C:\WINDOWS\System32\gdi32full.dll
0x00007ffcf4da0000 - 0x00007ffcf4e43000 	C:\WINDOWS\System32\msvcp_win.dll
0x00007ffcec2b0000 - 0x00007ffcec2bb000 	C:\WINDOWS\SYSTEM32\VERSION.dll
0x00007ffcf7ae0000 - 0x00007ffcf7b11000 	C:\WINDOWS\System32\IMM32.DLL
0x00007ffcd99a0000 - 0x00007ffcd99ac000 	C:\Program Files\Java\jdk-17\bin\vcruntime140_1.dll
0x00007ffc658c0000 - 0x00007ffc6594e000 	C:\Program Files\Java\jdk-17\bin\msvcp140.dll
0x00007ffc36700000 - 0x00007ffc372e0000 	C:\Program Files\Java\jdk-17\bin\server\jvm.dll
0x00007ffcf6a90000 - 0x00007ffcf6a98000 	C:\WINDOWS\System32\PSAPI.DLL
0x00007ffce9150000 - 0x00007ffce9185000 	C:\WINDOWS\SYSTEM32\WINMM.dll
0x00007ffc880b0000 - 0x00007ffc880ba000 	C:\WINDOWS\SYSTEM32\WSOCK32.dll
0x00007ffcf6390000 - 0x00007ffcf6404000 	C:\WINDOWS\System32\WS2_32.dll
0x00007ffcf3a30000 - 0x00007ffcf3a4b000 	C:\WINDOWS\SYSTEM32\kernel.appcore.dll
0x00007ffcc36f0000 - 0x00007ffcc36fa000 	C:\Program Files\Java\jdk-17\bin\jimage.dll
0x00007ffcf2bc0000 - 0x00007ffcf2e02000 	C:\WINDOWS\SYSTEM32\DBGHELP.DLL
0x00007ffcf6640000 - 0x00007ffcf69c2000 	C:\WINDOWS\System32\combase.dll
0x00007ffcf7770000 - 0x00007ffcf7847000 	C:\WINDOWS\System32\OLEAUT32.dll
0x00007ffcc36b0000 - 0x00007ffcc36eb000 	C:\WINDOWS\SYSTEM32\dbgcore.DLL
0x00007ffcf5940000 - 0x00007ffcf59e5000 	C:\WINDOWS\System32\bcryptPrimitives.dll
0x00007ffc84b30000 - 0x00007ffc84b55000 	C:\Program Files\Java\jdk-17\bin\java.dll

dbghelp: loaded successfully - version: 4.0.5 - missing functions: none
symbol engine: initialized successfully - sym options: 0x614 - pdb path: .;C:\Program Files\Java\jdk-17\bin;C:\WINDOWS\SYSTEM32;C:\WINDOWS\WinSxS\amd64_microsoft.windows.common-controls_6595b64144ccf1df_6.0.26100.8037_none_3e092faae333b53b;C:\Program Files\Java\jdk-17\bin\server

VM Arguments:
java_command: C:\Users\sudhe\AppData\Local\Temp\surefire15406872057360474314\surefirebooter-20260408214026546_3.jar C:\Users\sudhe\AppData\Local\Temp\surefire15406872057360474314 2026-04-08T21-40-26_085-jvmRun1 surefire-20260408214026546_1tmp surefire_0-20260408214026546_2tmp
java_class_path (initial): C:\Users\sudhe\AppData\Local\Temp\surefire15406872057360474314\surefirebooter-20260408214026546_3.jar
Launcher Type: SUN_STANDARD

[Global flags]
     intx CICompilerCount                          = 4                                         {product} {ergonomic}
     uint ConcGCThreads                            = 2                                         {product} {ergonomic}
     uint G1ConcRefinementThreads                  = 8                                         {product} {ergonomic}
   size_t G1HeapRegionSize                         = 2097152                                   {product} {ergonomic}
    uintx GCDrainStackTargetSize                   = 64                                        {product} {ergonomic}
   size_t InitialHeapSize                          = 260046848                                 {product} {ergonomic}
   size_t MarkStackSize                            = 4194304                                   {product} {ergonomic}
   size_t MaxHeapSize                              = 4133486592                                {product} {ergonomic}
   size_t MinHeapDeltaBytes                        = 2097152                                   {product} {ergonomic}
   size_t MinHeapSize                              = 8388608                                   {product} {ergonomic}
    uintx NonNMethodCodeHeapSize                   = 5839372                                {pd product} {ergonomic}
    uintx NonProfiledCodeHeapSize                  = 122909434                              {pd product} {ergonomic}
    uintx ProfiledCodeHeapSize                     = 122909434                              {pd product} {ergonomic}
    uintx ReservedCodeCacheSize                    = 251658240                              {pd product} {ergonomic}
     bool SegmentedCodeCache                       = true                                      {product} {ergonomic}
   size_t SoftMaxHeapSize                          = 4133486592                             {manageable} {ergonomic}
     bool UseCompressedClassPointers               = true                           {product lp64_product} {ergonomic}
     bool UseCompressedOops                        = true                           {product lp64_product} {ergonomic}
     bool UseG1GC                                  = true                                      {product} {ergonomic}
     bool UseLargePagesIndividualAllocation        = false                                  {pd product} {ergonomic}

Logging:
Log output configuration:
 #0: stdout all=warning uptime,level,tags
 #1: stderr all=off uptime,level,tags

Environment Variables:
PATH=C:\Program Files\Common Files\Oracle\Java\javapath;C:\WINDOWS\system32;C:\WINDOWS;C:\WINDOWS\System32\Wbem;C:\WINDOWS\System32\WindowsPowerShell\v1.0\;C:\WINDOWS\System32\OpenSSH\;C:\Program Files\Docker\Docker\resources\bin;C:\Users\sudhe\AppData\Local\Microsoft\WindowsApps;C:\Users\sudhe\AppData\Local\GitHubDesktop\bin
USERNAME=sudhe
OS=Windows_NT
PROCESSOR_IDENTIFIER=Intel64 Family 6 Model 140 Stepping 1, GenuineIntel



---------------  S Y S T E M  ---------------

OS:
 Windows 11 , 64 bit Build 26100 (10.0.26100.7920)
OS uptime: 2 days 2:22 hours
Hyper-V role detected

CPU: total 8 (initial active 8) (4 cores per cpu, 2 threads per core) family 6 model 140 stepping 1 microcode 0xbe, cx8, cmov, fxsr, ht, mmx, 3dnowpref, sse, sse2, sse3, ssse3, sse4.1, sse4.2, popcnt, lzcnt, tsc, tscinvbit, avx, avx2, aes, erms, clmul, bmi1, bmi2, adx, avx512f, avx512dq, avx512cd, avx512bw, avx512vl, sha, fma, vzeroupper, avx512_vpopcntdq, avx512_vpclmulqdq, avx512_vaes, avx512_vnni, clflush, clflushopt, clwb, avx512_vbmi2, avx512_vbmi, hv

Memory: 4k page, system-wide physical 15761M (1468M free)
TotalPageFile size 27694M (AvailPageFile size 225M)
current process WorkingSet (physical memory assigned to process): 12M, peak: 12M
current process commit charge ("private bytes"): 60M, peak: 308M

vm_info: Java HotSpot(TM) 64-Bit Server VM (17.0.12+8-LTS-286) for windows-amd64 JRE (17.0.12+8-LTS-286), built on Jun  5 2024 06:46:59 by "mach5one" with MS VC++ 17.6 (VS2022)

END.
